[2024-06-18 16:36:28] production.INFO: 283399 taken at 2022-10-12 15:13:13 deleted at 2024-06-18 15:59:16 file 5201631-52_497-5_720.jpg - FORCE DELETED  
[2024-06-18 16:36:28] production.INFO: 314105 taken at 2022-09-15 08:25:43 deleted at 2024-06-18 15:53:21 file 4926503-52_338-5_645.jpg - FORCE DELETED  
[2024-06-18 16:36:29] production.INFO: 439804 taken at 2022-06-01 12:19:30 deleted at 2024-06-18 15:38:52 file 3449439-50_938-5_875.jpg - FORCE DELETED  
[2024-06-18 16:36:29] production.INFO: 440003 taken at 2022-06-01 12:16:40 deleted at 2024-06-18 15:37:54 file 3449240-50_909-5_919.jpg - FORCE DELETED  
[2024-06-18 16:36:29] production.INFO: 443565 taken at 2022-06-01 13:31:07 deleted at 2024-06-18 15:50:31 file 3440913-51_322-6_139.jpg - FORCE DELETED  
[2024-06-18 16:36:29] production.INFO: 443827 taken at 2022-06-01 13:20:39 deleted at 2024-06-18 15:47:04 file 3440394-51_200-6_029.jpg - FORCE DELETED  
[2024-06-18 16:36:29] production.INFO: 444064 taken at 2022-06-01 13:13:46 deleted at 2024-06-18 15:44:58 file 3434824-51_140-5_921.jpg - FORCE DELETED  
[2024-06-18 16:36:29] production.INFO: 463436 taken at 2022-05-05 09:05:19 deleted at 2024-06-18 16:00:23 file 3163508-52_532-5_738.jpg - FORCE DELETED  
[2024-06-18 16:36:29] production.INFO: 463849 taken at 2022-05-05 09:02:21 deleted at 2024-06-18 15:59:32 file 3163028-52_505-5_726.jpg - FORCE DELETED  
[2024-06-18 16:36:29] production.INFO: 463986 taken at 2022-05-05 09:01:03 deleted at 2024-06-18 15:59:03 file 3162832-52_488-5_714.jpg - FORCE DELETED  
[2024-06-18 16:36:29] production.INFO: 475333 taken at 2022-03-25 14:13:19 deleted at 2024-06-18 16:15:26 file 2857006-52_571-6_082.jpg - FORCE DELETED  
[2024-06-18 16:36:29] production.INFO: 475338 taken at 2022-03-25 14:13:04 deleted at 2024-06-18 16:15:19 file 2857001-52_572-6_083.jpg - FORCE DELETED  
[2024-06-18 16:36:29] production.INFO: 475345 taken at 2022-03-25 14:12:43 deleted at 2024-06-18 16:15:12 file 2856994-52_574-6_084.jpg - FORCE DELETED  
[2024-06-18 16:36:29] production.INFO: 475382 taken at 2022-03-25 14:10:54 deleted at 2024-06-18 16:14:31 file 2856947-52_592-6_085.jpg - FORCE DELETED  
[2024-06-18 16:36:29] production.INFO: 481725 taken at 2022-03-04 14:20:18 deleted at 2024-06-18 16:15:54 file 2728150-52_554-6_069.jpg - FORCE DELETED  
[2024-06-18 16:36:29] production.INFO: 484575 taken at 2022-02-21 14:57:28 deleted at 2024-06-18 16:08:16 file 2672306-52_510-5_947.jpg - FORCE DELETED  
[2024-06-18 16:36:29] production.INFO: 486316 taken at 2022-02-21 14:59:24 deleted at 2024-06-18 16:09:05 file 2651583-52_504-5_985.jpg - FORCE DELETED  
[2024-06-18 16:36:29] production.INFO: 486355 taken at 2022-02-21 14:59:07 deleted at 2024-06-18 16:09:00 file 2651499-52_505-5_979.jpg - FORCE DELETED  
[2024-06-18 16:36:29] production.INFO: 492952 taken at 2021-11-11 14:40:42 deleted at 2024-06-18 16:01:26 file 2170646-52_552-5_695.jpg - FORCE DELETED  
[2024-06-18 16:36:29] production.INFO: 492961 taken at 2021-11-11 14:40:18 deleted at 2024-06-18 16:01:15 file 2170637-52_549-5_700.jpg - FORCE DELETED  
[2024-06-18 16:36:29] production.INFO: 516061 taken at 2021-07-28 07:42:43 deleted at 2024-06-18 15:55:03 file 1579832-52_383-5_621.jpg - FORCE DELETED  
[2024-06-18 16:36:29] production.INFO: 516069 taken at 2021-07-28 07:42:19 deleted at 2024-06-18 15:54:52 file 1579824-52_377-5_619.jpg - FORCE DELETED  
[2024-06-18 16:36:30] production.INFO: 519669 taken at 2021-07-11 14:22:54 deleted at 2024-06-18 15:43:18 file 1418530-51_092-5_837.jpg - FORCE DELETED  
[2024-06-18 16:36:30] production.INFO: 519710 taken at 2021-07-11 14:09:50 deleted at 2024-06-18 15:38:12 file 1418270-50_915-5_901.jpg - FORCE DELETED  
[2024-06-18 16:36:30] production.INFO: 564511 taken at 2021-04-26 15:16:42 deleted at 2024-06-18 15:52:49 file 723764-52_332-5_638.jpg - FORCE DELETED  
[2024-06-18 16:36:30] production.INFO: 564525 taken at 2021-04-26 15:16:19 deleted at 2024-06-18 15:52:44 file 723666-52_330-5_633.jpg - FORCE DELETED  
[2024-06-18 16:36:30] production.INFO: 564641 taken at 2021-04-26 15:14:49 deleted at 2024-06-18 15:52:24 file 723002-52_327-5_619.jpg - FORCE DELETED  
[2024-06-18 16:36:30] production.INFO: 564645 taken at 2021-04-26 15:14:26 deleted at 2024-06-18 15:52:19 file 722989-52_326-5_617.jpg - FORCE DELETED  
[2024-06-18 16:36:30] production.INFO: 590004 taken at 2020-11-13 11:25:31 deleted at 2024-06-18 15:53:49 file 157094-51_396-6_160.jpg - FORCE DELETED  
[2024-06-18 16:36:30] production.INFO: 593378 taken at 2020-11-13 10:50:08 deleted at 2024-06-18 15:52:52 file 144617-51_383-6_123.jpg - FORCE DELETED  
[2024-06-18 16:36:30] production.INFO: 773141 taken at 2022-12-08 09:05:18 deleted at 2024-06-18 16:01:14 file 5833944-52_548-52_548.jpg - FORCE DELETED  
[2024-06-18 16:36:30] production.INFO: 773142 taken at 2022-12-08 09:05:05 deleted at 2024-06-18 16:01:10 file 5833945-52_547-52_547.jpg - FORCE DELETED  
[2024-06-18 16:36:30] production.INFO: 773158 taken at 2022-12-08 09:05:16 deleted at 2024-06-18 16:01:12 file 5833961-52_548-52_548.jpg - FORCE DELETED  
[2024-06-18 16:36:30] production.INFO: 773180 taken at 2022-12-08 09:03:15 deleted at 2024-06-18 16:00:40 file 5833983-52_538-52_538.jpg - FORCE DELETED  
[2024-06-18 16:36:30] production.INFO: 812078 taken at 2022-12-09 15:46:05 deleted at 2024-06-18 15:54:05 file 5874510-52_359-52_359.jpg - FORCE DELETED  
[2024-06-18 16:36:32] production.INFO: 912755 taken at 2023-01-16 15:25:17 deleted at 2024-06-18 16:01:19 file bb11cc5b-b710-42d1-8eda-dd8a08f0a71f.jpg - FORCE DELETED  
[2024-06-18 16:36:32] production.INFO: 912777 taken at 2023-01-16 15:26:03 deleted at 2024-06-18 16:01:09 file 3cd8e392-3e73-481e-a7b9-72cae7fc5ade.jpg - FORCE DELETED  
[2024-06-18 16:36:38] production.INFO: 1100917 taken at 2023-02-04 14:05:40 deleted at 2024-06-18 15:37:35 file ef428330-fa72-4832-99e8-93ff4907d383.jpg - FORCE DELETED  
[2024-06-18 16:36:56] production.INFO: 1627700 taken at 2023-03-10 13:49:42 deleted at 2024-06-18 16:01:00 file 3c00d94f-df7c-4bff-bbd3-63e90a557356.jpg - FORCE DELETED  
[2024-06-18 16:36:56] production.INFO: 1627705 taken at 2023-03-10 13:49:44 deleted at 2024-06-18 16:01:02 file 0fe9e4fc-4057-4ed5-b51f-ab891bde075b.jpg - FORCE DELETED  
[2024-06-18 16:36:56] production.INFO: 1627880 taken at 2023-03-10 13:50:36 deleted at 2024-06-18 16:01:15 file da6553c2-c772-46bd-ba1d-112c9fc828ca.jpg - FORCE DELETED  
[2024-06-18 16:36:56] production.INFO: 1627901 taken at 2023-03-10 13:50:46 deleted at 2024-06-18 16:01:17 file 7792c403-0ba4-4298-b91e-be2d6f1b4ab0.jpg - FORCE DELETED  
[2024-06-18 16:36:56] production.INFO: 1628088 taken at 2023-03-10 13:51:12 deleted at 2024-06-18 16:01:24 file fed248a1-b83b-4ff4-9c7f-1e93ad095917.jpg - FORCE DELETED  
[2024-06-18 16:36:56] production.INFO: 1636717 taken at 2023-03-10 11:35:04 deleted at 2024-06-18 15:39:35 file 0c3ba27f-96d3-469e-a3b0-d8653deba901.jpg - FORCE DELETED  
[2024-06-18 16:37:06] production.INFO: 1959192 taken at 2023-03-28 12:55:14 deleted at 2024-06-18 15:56:44 file e8c099a3-e658-4fc5-b44d-26062bbe7bc2.jpg - FORCE DELETED  
[2024-06-18 16:37:06] production.INFO: 1959196 taken at 2023-03-28 12:55:04 deleted at 2024-06-18 15:56:47 file 9b420123-f0ca-47d0-97e6-31c91f2ca595.jpg - FORCE DELETED  
[2024-06-18 16:37:06] production.INFO: 1959265 taken at 2023-03-28 12:52:38 deleted at 2024-06-18 15:57:31 file 12d71718-aed9-49b2-b572-40edb55d0aa2.jpg - FORCE DELETED  
[2024-06-18 16:37:06] production.INFO: 1959279 taken at 2023-03-28 12:52:04 deleted at 2024-06-18 15:57:42 file 192326e1-97fa-4f67-88ac-6573720fd9ca.jpg - FORCE DELETED  
[2024-06-18 16:37:06] production.INFO: 1959305 taken at 2023-03-28 12:51:08 deleted at 2024-06-18 15:57:58 file 70fa544f-925f-4062-9d80-73e06f347ccb.jpg - FORCE DELETED  
[2024-06-18 16:37:06] production.INFO: 1959435 taken at 2023-03-28 12:46:24 deleted at 2024-06-18 15:59:21 file 25f5b0b8-2cb4-4d5e-b938-553090ddc29b.jpg - FORCE DELETED  
[2024-06-18 16:37:06] production.INFO: 1959588 taken at 2023-03-28 12:40:25 deleted at 2024-06-18 16:04:22 file e742646f-59b9-4a81-a77d-15fb5e2e7939.jpg - FORCE DELETED  
[2024-06-18 16:37:06] production.INFO: 1959591 taken at 2023-03-28 12:40:23 deleted at 2024-06-18 16:04:22 file 1e7b723e-20e5-498b-8002-df9b571a9f32.jpg - FORCE DELETED  
[2024-06-18 16:37:10] production.INFO: 2137021 taken at 2023-04-07 11:11:52 deleted at 2024-06-18 15:48:14 file e7c9e958-4996-49fb-9106-561af582afd4.jpg - FORCE DELETED  
[2024-06-18 16:37:11] production.INFO: 2137040 taken at 2023-04-07 11:13:20 deleted at 2024-06-18 15:48:51 file b96b0663-2acb-4703-bbb4-6d512c66c9ad.jpg - FORCE DELETED  
[2024-06-18 16:37:11] production.INFO: 2137051 taken at 2023-04-07 11:13:02 deleted at 2024-06-18 15:48:48 file 7eb02fa1-d87d-48ae-9a34-cba117dafd5a.jpg - FORCE DELETED  
[2024-06-18 16:37:11] production.INFO: 2137062 taken at 2023-04-07 11:12:58 deleted at 2024-06-18 15:48:45 file 632807b7-7c60-4c22-94d3-5b9657a8c505.jpg - FORCE DELETED  
[2024-06-18 16:37:11] production.INFO: 2137063 taken at 2023-04-07 11:13:00 deleted at 2024-06-18 15:48:45 file 0f72a8a5-907e-42bf-b7c1-57c99225e32d.jpg - FORCE DELETED  
[2024-06-18 16:37:11] production.INFO: 2137084 taken at 2023-04-07 11:12:02 deleted at 2024-06-18 15:48:19 file 661461d0-4c6f-4741-9acb-7afa862db1e6.jpg - FORCE DELETED  
[2024-06-18 16:37:11] production.INFO: 2137086 taken at 2023-04-07 11:11:52 deleted at 2024-06-18 15:48:14 file 10268499-fe42-43c9-8651-a932cab7c7fb.jpg - FORCE DELETED  
[2024-06-18 16:37:11] production.INFO: 2137128 taken at 2023-04-07 11:09:59 deleted at 2024-06-18 15:52:44 file f79bcec5-7aa3-4514-8d6c-aada98b91012.jpg - FORCE DELETED  
[2024-06-18 16:37:11] production.INFO: 2137150 taken at 2023-04-07 11:09:51 deleted at 2024-06-18 15:52:46 file b2479bdd-a9ea-4501-977b-baf46b345b43.jpg - FORCE DELETED  
[2024-06-18 16:37:12] production.INFO: 2138022 taken at 2023-04-07 14:42:47 deleted at 2024-06-18 15:53:54 file 5fd43a09-40dd-4902-ace7-73400290ead0.jpg - FORCE DELETED  
[2024-06-18 16:37:12] production.INFO: 2138054 taken at 2023-04-07 14:41:35 deleted at 2024-06-18 15:53:35 file bf3ae845-f2d3-46b9-884f-4ab850ac9d44.jpg - FORCE DELETED  
[2024-06-18 16:37:12] production.INFO: 2138077 taken at 2023-04-07 14:40:42 deleted at 2024-06-18 15:53:36 file 436e38cd-8dbe-4a4b-9f4a-6c6de527ee64.jpg - FORCE DELETED  
[2024-06-18 16:37:12] production.INFO: 2138081 taken at 2023-04-07 14:40:39 deleted at 2024-06-18 15:53:15 file 74bacedc-94ac-494a-bdf6-c5445241554f.jpg - FORCE DELETED  
[2024-06-18 16:37:12] production.INFO: 2138090 taken at 2023-04-07 14:40:37 deleted at 2024-06-18 15:53:15 file e38ad8dd-a58f-424b-b4df-ca5adf848275.jpg - FORCE DELETED  
[2024-06-18 16:37:12] production.INFO: 2138093 taken at 2023-04-07 14:40:13 deleted at 2024-06-18 15:53:08 file 87a53e30-7906-4c5e-999f-43efae67c6d5.jpg - FORCE DELETED  
[2024-06-18 16:37:12] production.INFO: 2138095 taken at 2023-04-07 14:40:09 deleted at 2024-06-18 15:53:07 file 5cfd32c3-6c90-461c-b9b2-2d69c250050d.jpg - FORCE DELETED  
[2024-06-18 16:37:12] production.INFO: 2138097 taken at 2023-04-07 14:39:52 deleted at 2024-06-18 15:53:02 file 05cfcea9-8ae7-48fd-82ce-6ab46de6aaf4.jpg - FORCE DELETED  
[2024-06-18 16:37:12] production.INFO: 2138099 taken at 2023-04-07 14:39:49 deleted at 2024-06-18 15:53:02 file df928a94-01ed-43c3-938f-913ee8732557.jpg - FORCE DELETED  
[2024-06-18 16:37:12] production.INFO: 2138103 taken at 2023-04-07 14:39:41 deleted at 2024-06-18 15:52:59 file 1426e4fa-93e4-4bda-b923-c1f5b01d3813.jpg - FORCE DELETED  
[2024-06-18 16:37:12] production.INFO: 2138106 taken at 2023-04-07 14:40:04 deleted at 2024-06-18 15:53:04 file 25d19402-59e1-4758-86ba-355c7d42296a.jpg - FORCE DELETED  
[2024-06-18 16:37:12] production.INFO: 2138247 taken at 2023-04-07 11:09:59 deleted at 2024-06-18 15:52:44 file c2734ebe-15e0-4846-acc7-eaf99d295ca7.jpg - FORCE DELETED  
[2024-06-18 16:37:12] production.INFO: 2138262 taken at 2023-04-07 11:09:51 deleted at 2024-06-18 15:52:46 file 7c5b271c-4955-4175-b185-10f4582a9c99.jpg - FORCE DELETED  
[2024-06-18 16:37:20] production.INFO: 2235165 taken at 2023-04-13 09:14:37 deleted at 2024-06-18 15:53:12 file 97816eaa-3473-4a72-b22d-f4a65b179d17.jpg - FORCE DELETED  
[2024-06-18 16:37:47] production.INFO: 2514949 taken at 2023-04-26 06:16:41 deleted at 2024-06-18 16:08:04 file 56a569dc-53da-4ef9-b05a-8859d52334ee.jpg - FORCE DELETED  
[2024-06-18 16:37:47] production.INFO: 2515028 taken at 2023-04-26 06:18:01 deleted at 2024-06-18 16:08:44 file 7817a9d8-ae91-430c-9e1c-d89f0a897c57.jpg - FORCE DELETED  
[2024-06-18 16:37:47] production.INFO: 2515050 taken at 2023-04-26 06:18:25 deleted at 2024-06-18 16:08:31 file 6734f689-e70a-4566-adba-79fc4178e006.jpg - FORCE DELETED  
[2024-06-18 16:37:58] production.INFO: 2579803 taken at 2023-05-01 09:20:42 deleted at 2024-06-18 15:57:01 file 83e65563-0bd4-432c-985b-0bb39dcc0ee2.jpg - FORCE DELETED  
[2024-06-18 16:37:58] production.INFO: 2579808 taken at 2023-05-01 09:20:48 deleted at 2024-06-18 15:57:02 file b9c75296-f2ba-414b-a9ad-fc10ff86c775.jpg - FORCE DELETED  
[2024-06-18 16:37:58] production.INFO: 2579817 taken at 2023-05-01 09:20:58 deleted at 2024-06-18 15:57:07 file 44181e8a-3204-4886-a56d-7cef275af9bd.jpg - FORCE DELETED  
[2024-06-18 16:37:58] production.INFO: 2579821 taken at 2023-05-01 09:21:02 deleted at 2024-06-18 15:57:07 file e59e20a0-f3b4-4f57-8e0b-3d3cc1d2914c.jpg - FORCE DELETED  
[2024-06-18 16:37:58] production.INFO: 2579823 taken at 2023-05-01 09:21:04 deleted at 2024-06-18 15:57:07 file c5e5dbf4-b664-42ff-92f0-39cab12a3063.jpg - FORCE DELETED  
[2024-06-18 16:37:58] production.INFO: 2579828 taken at 2023-05-01 09:21:08 deleted at 2024-06-18 15:57:10 file ce7215fb-2185-4a2a-ad56-dd00b1cf6975.jpg - FORCE DELETED  
[2024-06-18 16:37:58] production.INFO: 2579830 taken at 2023-05-01 09:21:10 deleted at 2024-06-18 15:57:10 file 31e1f3a1-2799-4732-b858-decf1fc2d9a0.jpg - FORCE DELETED  
[2024-06-18 16:37:58] production.INFO: 2579836 taken at 2023-05-01 09:21:16 deleted at 2024-06-18 15:57:11 file 3391e247-1e2e-4fb2-9c9a-d0666afe69ab.jpg - FORCE DELETED  
[2024-06-18 16:37:58] production.INFO: 2579874 taken at 2023-05-01 09:22:20 deleted at 2024-06-18 15:57:34 file 07ff01d8-bb8e-48c4-8a44-75a82134f3b5.jpg - FORCE DELETED  
[2024-06-18 16:37:58] production.INFO: 2579912 taken at 2023-05-01 09:23:40 deleted at 2024-06-18 15:58:01 file a3ccb4ee-54c1-4cb2-ab19-45077432de7e.jpg - FORCE DELETED  
[2024-06-18 16:37:58] production.INFO: 2579984 taken at 2023-05-01 09:26:15 deleted at 2024-06-18 15:58:39 file 1c67b54e-99d5-410a-a713-9132d1c7ec36.jpg - FORCE DELETED  
[2024-06-18 16:37:58] production.INFO: 2580018 taken at 2023-05-01 09:27:13 deleted at 2024-06-18 15:58:53 file 4c8ae678-9acf-4973-9b4a-5f99cddd53f7.jpg - FORCE DELETED  
[2024-06-18 16:37:58] production.INFO: 2580031 taken at 2023-05-01 09:27:41 deleted at 2024-06-18 15:59:02 file 5509cc87-36d6-4f71-8c6b-022721223fcd.jpg - FORCE DELETED  
[2024-06-18 16:37:58] production.INFO: 2580049 taken at 2023-05-01 09:28:12 deleted at 2024-06-18 15:59:14 file 5477cf0d-8976-4675-890b-2abb2a93d7c0.jpg - FORCE DELETED  
[2024-06-18 16:37:58] production.INFO: 2580051 taken at 2023-05-01 09:28:17 deleted at 2024-06-18 15:59:16 file ff73c121-1b9f-4eef-8f1b-2cf7dbfccb01.jpg - FORCE DELETED  
[2024-06-18 16:37:58] production.INFO: 2583665 taken at 2023-05-01 13:51:08 deleted at 2024-06-18 15:58:40 file 75d428bd-ccd7-494d-b1b1-32301a1beee2.jpg - FORCE DELETED  
[2024-06-18 16:37:58] production.INFO: 2583840 taken at 2023-05-01 13:57:02 deleted at 2024-06-18 15:57:02 file 329ecafb-7827-49fd-97fe-35414329c34c.jpg - FORCE DELETED  
[2024-06-18 16:37:58] production.INFO: 2583866 taken at 2023-05-01 13:57:53 deleted at 2024-06-18 15:56:49 file 9b39844e-bd6b-4925-b92f-5e41738c5e7f.jpg - FORCE DELETED  
[2024-06-18 16:37:59] production.INFO: 2583867 taken at 2023-05-01 13:57:55 deleted at 2024-06-18 15:56:47 file 22f916cd-406f-4491-bde7-c66946a8d42a.jpg - FORCE DELETED  
[2024-06-18 16:38:10] production.INFO: 2833688 taken at 2023-05-11 07:13:43 deleted at 2024-06-18 16:12:18 file 9326c9a5-0c1f-4b14-8948-14d525241d4e.jpg - FORCE DELETED  
[2024-06-18 16:38:32] production.INFO: 3235990 taken at 2023-05-31 15:20:31 deleted at 2024-06-18 15:39:44 file 1defd31c-3b96-4eed-bfba-2ba67f15cab1.jpg - FORCE DELETED  
[2024-06-18 16:38:44] production.INFO: 3306839 taken at 2023-06-02 17:12:59 deleted at 2024-06-18 15:53:59 file ecdafb00-bd02-4353-a6b1-a487bf12d2c5.jpg - FORCE DELETED  
[2024-06-18 16:38:45] production.INFO: 3309762 taken at 2023-06-02 17:14:49 deleted at 2024-06-18 15:54:37 file 9254e100-d00d-4336-9bdc-bb7c4dfbb4e3.jpg - FORCE DELETED  
[2024-06-18 16:38:45] production.INFO: 3309816 taken at 2023-06-02 17:12:59 deleted at 2024-06-18 15:53:59 file 9e4a7eb6-6b5c-4101-9883-df4f1aeadd40.jpg - FORCE DELETED  
[2024-06-18 16:38:45] production.INFO: 3309866 taken at 2023-06-02 17:11:47 deleted at 2024-06-18 15:53:29 file d3ecac90-874c-402a-86f2-6df8a2b1b72e.jpg - FORCE DELETED  
[2024-06-18 16:38:52] production.INFO: 3488814 taken at 2023-06-11 08:10:33 deleted at 2024-06-18 15:34:38 file f2bd6458-3474-4c44-9f9f-033eefd4cfbd.jpg - FORCE DELETED  
[2024-06-18 16:38:52] production.INFO: 3488906 taken at 2023-06-11 08:14:18 deleted at 2024-06-18 15:33:26 file 6c2340c7-6a59-47aa-a37b-904ee8204fbc.jpg - FORCE DELETED  
[2024-06-18 16:38:52] production.INFO: 3488907 taken at 2023-06-11 08:14:20 deleted at 2024-06-18 15:33:26 file 581451bd-50c2-47ac-a318-153429002585.jpg - FORCE DELETED  
[2024-06-18 16:38:52] production.INFO: 3488908 taken at 2023-06-11 08:14:22 deleted at 2024-06-18 15:33:25 file d4fb0799-262d-4c04-8636-b0fa65f81b5a.jpg - FORCE DELETED  
[2024-06-18 16:39:01] production.INFO: 3624108 taken at 2023-06-15 11:56:37 deleted at 2024-06-18 15:33:25 file a1e40ab9-97c5-4dea-b72b-d20e9d31ea3b.jpg - FORCE DELETED  
[2024-06-18 16:39:01] production.INFO: 3624109 taken at 2023-06-15 11:56:40 deleted at 2024-06-18 15:33:24 file 678f0e62-27ad-4aed-8119-a0e06049dc57.jpg - FORCE DELETED  
[2024-06-18 16:39:01] production.INFO: 3633650 taken at 2023-06-16 05:14:03 deleted at 2024-06-18 15:36:35 file 818b8863-dbb3-4937-971d-4e29c039365a.jpg - FORCE DELETED  
[2024-06-18 16:39:01] production.INFO: 3643310 taken at 2023-06-16 13:04:51 deleted at 2024-06-18 15:35:30 file 3d252efb-3cc2-4412-804d-b875716a35ba.jpg - FORCE DELETED  
[2024-06-18 16:39:01] production.INFO: 3643357 taken at 2023-06-16 13:05:38 deleted at 2024-06-18 15:35:45 file 4523584e-7fce-4e94-8c26-fb57244bf8a5.jpg - FORCE DELETED  
[2024-06-18 16:39:01] production.INFO: 3643392 taken at 2023-06-16 13:06:43 deleted at 2024-06-18 15:36:11 file 53c3e44d-7cb8-4197-9d57-99718050d503.jpg - FORCE DELETED  
[2024-06-18 16:39:02] production.INFO: 3643446 taken at 2023-06-16 13:07:31 deleted at 2024-06-18 15:36:35 file ed917cbb-9ce0-4c11-8b2f-95ccaf371cd1.jpg - FORCE DELETED  
[2024-06-18 16:39:02] production.INFO: 3643447 taken at 2023-06-16 13:07:32 deleted at 2024-06-18 15:36:38 file d0f56c57-35ae-4f38-8ec5-4ce080afada1.jpg - FORCE DELETED  
[2024-06-18 16:39:02] production.INFO: 3643495 taken at 2023-06-16 13:08:56 deleted at 2024-06-18 15:37:18 file bb5c89ea-6d43-4798-a64c-35c487f98fce.jpg - FORCE DELETED  
[2024-06-18 16:39:02] production.INFO: 3643582 taken at 2023-06-16 13:11:17 deleted at 2024-06-18 15:38:21 file 5055555e-8ddc-4d75-a460-4d57e17aea50.jpg - FORCE DELETED  
[2024-06-18 16:39:02] production.INFO: 3643597 taken at 2023-06-16 13:11:43 deleted at 2024-06-18 15:38:31 file 7c216949-e4a5-433d-a795-5369d54b66a8.jpg - FORCE DELETED  
[2024-06-18 16:39:02] production.INFO: 3643600 taken at 2023-06-16 13:11:47 deleted at 2024-06-18 15:38:31 file 07157264-29a1-49c0-b9d7-3f4abae8f145.jpg - FORCE DELETED  
[2024-06-18 16:39:02] production.INFO: 3643602 taken at 2023-06-16 13:11:50 deleted at 2024-06-18 15:38:34 file 129f9fc6-3329-4b48-a64d-7788bb32c4ee.jpg - FORCE DELETED  
[2024-06-18 16:39:02] production.INFO: 3643708 taken at 2023-06-16 13:14:56 deleted at 2024-06-18 15:39:40 file dbadc3dc-ded0-4ea2-a0cb-3bf163e142b7.jpg - FORCE DELETED  
[2024-06-18 16:39:02] production.INFO: 3643720 taken at 2023-06-16 13:15:20 deleted at 2024-06-18 15:39:48 file e8aa395c-2ebe-486b-afcc-f90e05ee9a1b.jpg - FORCE DELETED  
[2024-06-18 16:39:02] production.INFO: 3643722 taken at 2023-06-16 13:15:24 deleted at 2024-06-18 15:39:50 file 4a4f89b0-a71d-4c69-85ef-b73ca29fc18d.jpg - FORCE DELETED  
[2024-06-18 16:39:02] production.INFO: 3643737 taken at 2023-06-16 13:15:54 deleted at 2024-06-18 15:40:02 file 4e0db971-101f-44af-a452-5ea0c5263f2f.jpg - FORCE DELETED  
[2024-06-18 16:39:02] production.INFO: 3643898 taken at 2023-06-16 13:21:05 deleted at 2024-06-18 15:42:02 file b903d28c-1519-4f65-a9bc-14f9686f332e.jpg - FORCE DELETED  
[2024-06-18 16:39:02] production.INFO: 3644072 taken at 2023-06-16 13:26:57 deleted at 2024-06-18 15:43:54 file f976db48-8073-4e2f-8e32-1f7c96456e89.jpg - FORCE DELETED  
[2024-06-18 16:39:03] production.INFO: 3644499 taken at 2023-06-16 13:41:25 deleted at 2024-06-18 15:49:23 file 35b82426-576e-4534-9c25-365bc0f48dbb.jpg - FORCE DELETED  
[2024-06-18 16:39:57] production.INFO: 4385340 taken at 2023-07-19 17:17:32 deleted at 2024-06-18 16:01:07 file e210c3d3-f88b-4d10-b5a4-108300044ec7.jpg - FORCE DELETED  
[2024-06-18 16:39:57] production.INFO: 4385377 taken at 2023-07-19 17:18:50 deleted at 2024-06-18 16:00:42 file 04bdfc86-dce6-4e3d-a81f-b8781369ba98.jpg - FORCE DELETED  
[2024-06-18 16:39:57] production.INFO: 4385767 taken at 2023-07-19 17:32:38 deleted at 2024-06-18 16:08:29 file b75b50c3-e89f-445e-b9c0-b7f1c50832f2.jpg - FORCE DELETED  
[2024-06-18 16:42:38] production.INFO: 5230896 taken at 2023-08-28 07:19:30 deleted at 2024-06-18 15:53:48 file dd80c2b7-3168-4fb4-857a-2d33aa4f343d.jpg - FORCE DELETED  
[2024-06-18 16:42:38] production.INFO: 5232267 taken at 2023-08-28 09:30:46 deleted at 2024-06-18 15:53:05 file 8619b547-06cf-4570-945e-10b37ae3d994.jpg - FORCE DELETED  
[2024-06-18 16:42:38] production.INFO: 5232268 taken at 2023-08-28 09:30:49 deleted at 2024-06-18 15:53:07 file cd5e379a-a2f2-43c8-b619-e4c672f627cf.jpg - FORCE DELETED  
[2024-06-18 16:44:21] production.INFO: 5704652 taken at 2023-09-12 15:00:01 deleted at 2024-06-18 16:12:47 file ee7b1293-925b-422f-bcbf-6a9ceaeaef1a.jpg - FORCE DELETED  
[2024-06-18 16:44:35] production.INFO: 5748029 taken at 2023-09-14 10:20:52 deleted at 2024-06-18 15:47:38 file f7a5ad11-54d6-4dee-a825-b12372fda8ce.jpg - FORCE DELETED  
[2024-06-18 16:45:03] production.INFO: 5871882 taken at 2023-09-18 14:46:05 deleted at 2024-06-18 15:52:11 file 1e605163-b897-4cf3-86c8-973d4e17c690.jpg - FORCE DELETED  
[2024-06-18 16:45:21] production.INFO: 5930019 taken at 2023-09-20 06:11:10 deleted at 2024-06-18 16:11:07 file 2bdfbfe9-591e-48e6-a84d-8901fa5994b7.jpg - FORCE DELETED  
[2024-06-18 16:47:34] production.INFO: 6228823 taken at 2023-10-03 17:43:48 deleted at 2024-06-18 16:42:37 file b2b188fe-3955-4968-9ede-f973f589d7e1.jpg - FORCE DELETED  
[2024-06-18 16:47:34] production.INFO: 6230211 taken at 2023-10-03 17:57:03 deleted at 2024-06-18 16:42:37 file 63e3baa6-ee5d-4828-a2f5-03bbf8bc00a5.jpg - FORCE DELETED  
[2024-06-18 16:47:34] production.INFO: 6230212 taken at 2023-10-03 17:57:04 deleted at 2024-06-18 16:42:37 file c060f499-da44-4e6a-a956-9474d34ae517.jpg - FORCE DELETED  
[2024-06-18 16:47:34] production.INFO: 6230222 taken at 2023-10-03 17:57:26 deleted at 2024-06-18 16:42:37 file c645ba41-b3ee-4b04-91af-488b8c0b4866.jpg - FORCE DELETED  
[2024-06-18 16:47:34] production.INFO: 6230223 taken at 2023-10-03 17:57:28 deleted at 2024-06-18 16:42:37 file b97a95bd-a1c7-4896-b5dc-5111f65cc013.jpg - FORCE DELETED  
[2024-06-18 16:47:34] production.INFO: 6230224 taken at 2023-10-03 17:57:30 deleted at 2024-06-18 16:42:37 file be21ca5f-6d45-4c54-9717-810204cb9ff8.jpg - FORCE DELETED  
[2024-06-18 16:47:34] production.INFO: 6230225 taken at 2023-10-03 17:57:32 deleted at 2024-06-18 16:42:37 file b15bfa1b-8987-4ee5-bb9b-061956dd7615.jpg - FORCE DELETED  
[2024-06-18 16:49:15] production.INFO: 6372520 taken at 2023-10-09 11:46:36 deleted at 2024-06-18 15:50:09 file 9388c6ba-c497-42a2-b019-fd2deb0d8c14.jpg - FORCE DELETED  
[2024-06-18 16:49:15] production.INFO: 6372650 taken at 2023-10-09 11:48:50 deleted at 2024-06-18 15:50:49 file c46bec76-1615-4b2d-bd9c-956b62f9c14e.jpg - FORCE DELETED  
[2024-06-18 16:49:15] production.INFO: 6372855 taken at 2023-10-09 11:52:24 deleted at 2024-06-18 15:52:24 file 27d6b091-73cb-4efa-89fd-8d94cbd2cf6a.jpg - FORCE DELETED  
[2024-06-18 16:59:33] production.INFO: 7656475 taken at 2023-11-22 08:09:52 deleted at 2024-06-18 16:00:47 file 3ab631d7-4e48-40b2-9c69-0426cb95e70e.jpg - FORCE DELETED  
[2024-06-18 16:59:33] production.INFO: 7656488 taken at 2023-11-22 08:10:20 deleted at 2024-06-18 16:00:54 file 26ac17fd-2a74-4888-9fb6-99fd7b995486.jpg - FORCE DELETED  
[2024-06-18 16:59:33] production.INFO: 7656489 taken at 2023-11-22 08:10:22 deleted at 2024-06-18 16:00:54 file 58a5071c-b4df-49f0-bae9-e9bffe6bfab9.jpg - FORCE DELETED  
[2024-06-18 16:59:33] production.INFO: 7656490 taken at 2023-11-22 08:10:24 deleted at 2024-06-18 16:00:54 file 4b5909d2-ae0a-4001-9d81-bea1b1601d0e.jpg - FORCE DELETED  
[2024-06-18 16:59:33] production.INFO: 7656508 taken at 2023-11-22 08:11:04 deleted at 2024-06-18 16:01:07 file b46d903e-3d6b-4e93-9c1b-c9bdc9e80a6e.jpg - FORCE DELETED  
[2024-06-18 16:59:33] production.INFO: 7656520 taken at 2023-11-22 08:11:28 deleted at 2024-06-18 16:01:12 file fa73ad63-8681-4f87-bd8f-3ab52956499d.jpg - FORCE DELETED  
[2024-06-18 16:59:33] production.INFO: 7656527 taken at 2023-11-22 08:11:44 deleted at 2024-06-18 16:01:17 file ac38fbcb-6439-46ee-8a57-720d8eed0167.jpg - FORCE DELETED  
[2024-06-18 16:59:33] production.INFO: 7656537 taken at 2023-11-22 08:12:04 deleted at 2024-06-18 16:01:21 file 0b48e7d7-1fa5-4933-bcea-44884781c174.jpg - FORCE DELETED  
[2024-06-18 16:59:33] production.INFO: 7656538 taken at 2023-11-22 08:12:06 deleted at 2024-06-18 16:01:22 file 1bf5a286-8404-4eef-b80d-05ef4304e400.jpg - FORCE DELETED  
[2024-06-18 16:59:33] production.INFO: 7656539 taken at 2023-11-22 08:12:08 deleted at 2024-06-18 16:01:24 file 04ea43bb-eb76-4fdd-85a5-4181be719f65.jpg - FORCE DELETED  
[2024-06-18 16:59:33] production.INFO: 7656544 taken at 2023-11-22 08:12:20 deleted at 2024-06-18 16:01:26 file 3e65c84a-96b0-441b-849d-a660f5eda21a.jpg - FORCE DELETED  
[2024-06-18 16:59:34] production.INFO: 7656547 taken at 2023-11-22 08:12:26 deleted at 2024-06-18 16:01:29 file 0846b528-57db-412b-a3bb-652abdb04abe.jpg - FORCE DELETED  
[2024-06-18 17:16:45] production.INFO: 6833496 taken at 2023-10-25 16:28:27 deleted at 2024-06-18 16:57:42 file e5248584-ff38-41a6-9d65-dc4a37fca3f2.jpg - FORCE DELETED  
