[2024-06-18 16:59:42] production.ERROR: Error while reading line from the server. [tls://db-redis-ams3-56838-do-user-12699343-0.b.db.ondigitalocean.com:25061] {"exception":"[object] (Predis\\Connection\\ConnectionException(code: 0): Error while reading line from the server. [tls://db-redis-ams3-56838-do-user-12699343-0.b.db.ondigitalocean.com:25061] at /workspace/vendor/predis/predis/src/Connection/AbstractConnection.php:144)
[stacktrace]
#0 /workspace/vendor/predis/predis/src/Connection/StreamConnection.php(291): Predis\\Connection\\AbstractConnection->onConnectionError()
#1 /workspace/vendor/predis/predis/src/Connection/AbstractConnection.php(132): Predis\\Connection\\StreamConnection->read()
#2 /workspace/vendor/predis/predis/src/Connection/AbstractConnection.php(124): Predis\\Connection\\AbstractConnection->readResponse()
#3 /workspace/vendor/predis/predis/src/Client.php(381): Predis\\Connection\\AbstractConnection->executeCommand()
#4 /workspace/vendor/predis/predis/src/Client.php(335): Predis\\Client->executeCommand()
#5 /workspace/vendor/laravel/framework/src/Illuminate/Redis/Connections/Connection.php(116): Predis\\Client->__call()
#6 /workspace/vendor/laravel/framework/src/Illuminate/Redis/Connections/Connection.php(229): Illuminate\\Redis\\Connections\\Connection->command()
#7 /workspace/vendor/laravel/framework/src/Illuminate/Queue/RedisQueue.php(155): Illuminate\\Redis\\Connections\\Connection->__call()
#8 /workspace/vendor/laravel/framework/src/Illuminate/Queue/RedisQueue.php(140): Illuminate\\Queue\\RedisQueue->pushRaw()
#9 /workspace/vendor/laravel/framework/src/Illuminate/Queue/Queue.php(315): Illuminate\\Queue\\RedisQueue->Illuminate\\Queue\\{closure}()
#10 /workspace/vendor/laravel/framework/src/Illuminate/Queue/RedisQueue.php(134): Illuminate\\Queue\\Queue->enqueueUsing()
#11 /workspace/vendor/laravel/framework/src/Illuminate/Bus/Dispatcher.php(253): Illuminate\\Queue\\RedisQueue->push()
#12 /workspace/vendor/laravel/framework/src/Illuminate/Bus/Dispatcher.php(229): Illuminate\\Bus\\Dispatcher->pushCommandToQueue()
#13 /workspace/vendor/laravel/framework/src/Illuminate/Bus/Dispatcher.php(77): Illuminate\\Bus\\Dispatcher->dispatchToQueue()
#14 /workspace/vendor/laravel/framework/src/Illuminate/Foundation/Bus/PendingDispatch.php(193): Illuminate\\Bus\\Dispatcher->dispatch()
#15 /workspace/vendor/laravel/framework/src/Illuminate/Foundation/helpers.php(390): Illuminate\\Foundation\\Bus\\PendingDispatch->__destruct()
#16 /workspace/app/Observers/CaptureObserver.php(70): dispatch()
#17 /workspace/vendor/laravel/framework/src/Illuminate/Events/Dispatcher.php(441): App\\Observers\\CaptureObserver->deleted()
#18 /workspace/vendor/laravel/framework/src/Illuminate/Events/Dispatcher.php(249): Illuminate\\Events\\Dispatcher->Illuminate\\Events\\{closure}()
#19 /workspace/vendor/laravel/framework/src/Illuminate/Foundation/helpers.php(451): Illuminate\\Events\\Dispatcher->dispatch()
#20 /workspace/app/Console/Commands/CaptureHardDelete.php(65): event()
#21 /workspace/vendor/laravel/framework/src/Illuminate/Database/Concerns/BuildsQueries.php(141): App\\Console\\Commands\\CaptureHardDelete->App\\Console\\Commands\\{closure}()
#22 /workspace/app/Console/Commands/CaptureHardDelete.php(47): Illuminate\\Database\\Eloquent\\Builder->chunkById()
#23 /workspace/vendor/laravel/framework/src/Illuminate/Container/BoundMethod.php(36): App\\Console\\Commands\\CaptureHardDelete->handle()
#24 /workspace/vendor/laravel/framework/src/Illuminate/Container/Util.php(41): Illuminate\\Container\\BoundMethod::Illuminate\\Container\\{closure}()
#25 /workspace/vendor/laravel/framework/src/Illuminate/Container/BoundMethod.php(93): Illuminate\\Container\\Util::unwrapIfClosure()
#26 /workspace/vendor/laravel/framework/src/Illuminate/Container/BoundMethod.php(35): Illuminate\\Container\\BoundMethod::callBoundMethod()
#27 /workspace/vendor/laravel/framework/src/Illuminate/Container/Container.php(661): Illuminate\\Container\\BoundMethod::call()
#28 /workspace/vendor/laravel/framework/src/Illuminate/Console/Command.php(183): Illuminate\\Container\\Container->call()
#29 /workspace/vendor/symfony/console/Command/Command.php(326): Illuminate\\Console\\Command->execute()
#30 /workspace/vendor/laravel/framework/src/Illuminate/Console/Command.php(152): Symfony\\Component\\Console\\Command\\Command->run()
#31 /workspace/vendor/symfony/console/Application.php(1078): Illuminate\\Console\\Command->run()
#32 /workspace/vendor/symfony/console/Application.php(324): Symfony\\Component\\Console\\Application->doRunCommand()
#33 /workspace/vendor/symfony/console/Application.php(175): Symfony\\Component\\Console\\Application->doRun()
#34 /workspace/vendor/laravel/framework/src/Illuminate/Console/Application.php(102): Symfony\\Component\\Console\\Application->run()
#35 /workspace/vendor/laravel/framework/src/Illuminate/Foundation/Console/Kernel.php(155): Illuminate\\Console\\Application->run()
#36 /workspace/artisan(35): Illuminate\\Foundation\\Console\\Kernel->handle()
#37 {main}
"} 
